emailphoto.php already running. Done
2013-12-22 12:00 MST, Mark v1.08
--------------------------
2013-12-22 13:00 MST, Mark v1.08
--------------------------
2013-12-22 14:00 MST, Mark v1.08
--------------------------
2013-12-22 15:00 MST, Mark v1.08
--------------------------
2013-12-22 16:00 MST, Mark v1.08
--------------------------
2013-12-22 17:00 MST, Mark v1.08
--------------------------
2013-12-22 18:00 MST, Mark v1.08
--------------------------
2013-12-22 18:02 MST, v1.08, Nmsgs: 1, Parts: 1, 
from:Brian Forsee <brian@bikecenterstl.com>, subject: 

Brian
+++++++++++++++++++++++++
size before: 4193390, size after: 721196
/homepages/45/d454707514/htdocs/newphotos/Felixs-image.jpeg -> 11406.jpg
Email to: bartonphillips@gmail.com
Email to: tom@felixspizzapub.com
Text to: 3147915379, Verizon
Email to: dogtown6335@yahoo.com
Text to: 3145780823, ATT
Email to: jab297001@yahoo.com
Text to: 6186168254, ATT
Done Felixs
--------------------------
2013-12-22 18:04 MST, FastCall for Felixs: 
--------------------------
2013-12-22 18:15 MST, v1.08, Nmsgs: 1, Parts: 1, 
from:Tom Galbraith <tom@felixspizzapub.com>, subject: 
+++++++++++++++++++++++++
emailphoto.php already running. Done
size before: 741608, size after: 638534
/homepages/45/d454707514/htdocs/newphotos/Felixs-photo.JPG -> 11407.jpg
Email to: bartonphillips@gmail.com
Email to: tom@felixspizzapub.com
Text to: 3147915379, Verizon
Email to: dogtown6335@yahoo.com
Text to: 3145780823, ATT
Email to: jab297001@yahoo.com
Text to: 6186168254, ATT
Done Felixs
--------------------------
2013-12-22 18:17 MST, FastCall for Felixs: 
--------------------------
2013-12-22 19:00 MST, Mark v1.08
--------------------------
2013-12-22 19:07 MST, v1.08, Nmsgs: 1, Parts: 1, 
from:Andy Roesch <lilchef789@gmail.com>, subject: 
+++++++++++++++++++++++++
size before: 3489792, size after: 432600
/homepages/45/d454707514/htdocs/newphotos/Felixs-photo.JPG -> 11408.jpg
Email to: bartonphillips@gmail.com
Email to: tom@felixspizzapub.com
Text to: 3147915379, Verizon
Email to: dogtown6335@yahoo.com
Text to: 3145780823, ATT
Email to: jab297001@yahoo.com
Text to: 6186168254, ATT
Done Felixs
--------------------------
2013-12-22 19:08 MST, FastCall for Felixs: 
--------------------------
2013-12-22 20:00 MST, Mark v1.08
--------------------------
2013-12-22 20:26 MST, v1.08, Nmsgs: 1, Parts: 1, 
from:Tom Galbraith <tom@felixspizzapub.com>, subject: 
+++++++++++++++++++++++++
size before: 691200, size after: 480000
/homepages/45/d454707514/htdocs/newphotos/Felixs-photo.JPG -> 11409.jpg
Email to: bartonphillips@gmail.com
Email to: tom@felixspizzapub.com
Text to: 3147915379, Verizon
Email to: dogtown6335@yahoo.com
Text to: 3145780823, ATT
Email to: jab297001@yahoo.com
Text to: 6186168254, ATT
Done Felixs
--------------------------
2013-12-22 20:27 MST, FastCall for Felixs: 
--------------------------
2013-12-22 21:00 MST, Mark v1.08
--------------------------
2013-12-22 22:00 MST, Mark v1.08
--------------------------
emailphoto.php already running. Done
emailphoto.php already running. Done
2013-12-22 23:00 MST, Mark v1.08
--------------------------
2013-12-23 00:00 MST, Mark v1.08
--------------------------
2013-12-23 01:00 MST, Mark v1.08
--------------------------
2013-12-23 02:00 MST, Mark v1.08
--------------------------
2013-12-23 03:00 MST, Mark v1.08
--------------------------
2013-12-23 04:00 MST, Mark v1.08
--------------------------
2013-12-23 05:00 MST, Mark v1.08
--------------------------
2013-12-23 06:00 MST, Mark v1.08
--------------------------
2013-12-23 07:00 MST, Mark v1.08
--------------------------
2013-12-23 08:00 MST, Mark v1.08
--------------------------
2013-12-23 09:00 MST, Mark v1.08
--------------------------
emailphoto.php already running. Done
emailphoto.php already running. Done
2013-12-23 10:00 MST, Mark v1.08
--------------------------
2013-12-23 11:00 MST, Mark v1.08
--------------------------
2013-12-23 11:30 MST, v1.08, Nmsgs: 1, Parts: 1, 
from:Jason Scroggins <jasonlscroggins@gmail.com>, subject: 
+++++++++++++++++++++++++
emailphoto.php already running. Done
emailphoto.php already running. Done
emailphoto.php already running. Done
emailphoto.php already running. Done
emailphoto.php already running. Done
emailphoto.php already running. Done
emailphoto.php already running. Done
emailphoto.php already running. Done
size before: 7990272, size after: 480000
/homepages/45/d454707514/htdocs/newphotos/Felixs-20131222_054312.jpg -> 11410.jpg
Email to: bartonphillips@gmail.com
Email to: tom@felixspizzapub.com
Text to: 3147915379, Verizon
Email to: dogtown6335@yahoo.com
Text to: 3145780823, ATT
Email to: jab297001@yahoo.com
Text to: 6186168254, ATT
Done Felixs
--------------------------
emailphoto.php already running. Done
2013-12-23 11:40 MST, FastCall for Felixs: 
--------------------------
2013-12-23 11:53 MST, v1.08, Nmsgs: 1, Parts: 1, 
from:Tom Galbraith <tom@felixspizzapub.com>, subject: 
+++++++++++++++++++++++++
size before: 1228800, size after: 480000
/homepages/45/d454707514/htdocs/newphotos/Felixs-photo.JPG -> 11411.jpg
Email to: bartonphillips@gmail.com
Email to: tom@felixspizzapub.com
Text to: 3147915379, Verizon
Email to: dogtown6335@yahoo.com
Text to: 3145780823, ATT
Email to: jab297001@yahoo.com
Text to: 6186168254, ATT
Done Felixs
--------------------------
2013-12-23 11:54 MST, FastCall for Felixs: 
--------------------------
2013-12-23 12:00 MST, Mark v1.08
--------------------------
NO IMAGE: from: Andy Denton <adenton528@gmail.com>, subject: 
--------------------------
2013-12-23 12:53 MST, FastCall for Felixs: 
--------------------------
2013-12-23 12:54 MST, FastCall for Felixs: 
--------------------------
2013-12-23 13:00 MST, Mark v1.08
--------------------------
2013-12-23 13:18 MST, v1.08, Nmsgs: 1, Parts: 1, 
from:trapz72 <trapz72@yahoo.com>, subject: 

Sent from my Galaxy S®III
+++++++++++++++++++++++++
emailphoto.php already running. Done
size before: 7990272, size after: 480000
/homepages/45/d454707514/htdocs/newphotos/DBsportsbar-20131221_092930.jpg -> 11413.jpg
Email to: duracory@hotmail.com
Text to: 3145655908, Verizon
Email to: tom@myphotochannel.com
Text to: 3147915379, Verizon
Done DBsportsbar
--------------------------
2013-12-23 13:23 MST, FastCall for DBsportsbar: 
--------------------------
2013-12-23 14:00 MST, Mark v1.08
--------------------------
2013-12-23 14:05 MST, v1.08, Nmsgs: 1, Parts: 1, 
from:Kari Liston <karithewrist@gmail.com>, subject: 
+++++++++++++++++++++++++
emailphoto.php already running. Done
emailphoto.php already running. Done
size before: 6005760, size after: 202800
/homepages/45/d454707514/htdocs/newphotos/Felixs-IMAG2113.jpg -> 11414.jpg
Email to: bartonphillips@gmail.com
Email to: tom@felixspizzapub.com
Text to: 3147915379, Verizon
Email to: dogtown6335@yahoo.com
Text to: 3145780823, ATT
Email to: jab297001@yahoo.com
Text to: 6186168254, ATT
Done Felixs
--------------------------
2013-12-23 14:08 MST, FastCall for Felixs: 
--------------------------
2013-12-23 14:44 MST, v1.08, Nmsgs: 1, Parts: 1, 
from:Tim Colombo <livnitup77@yahoo.com>, subject: Cards F-15
+++++++++++++++++++++++++
size before: 242808, size after: 242808
/homepages/45/d454707514/htdocs/newphotos/DBsportsbar-photo.JPG -> 11415.jpg
Email to: duracory@hotmail.com
Text to: 3145655908, Verizon
Email to: tom@myphotochannel.com
Text to: 3147915379, Verizon
Done DBsportsbar
--------------------------
2013-12-23 14:45 MST, FastCall for DBsportsbar: 
--------------------------
2013-12-23 14:49 MST, v1.08, Nmsgs: 1, Parts: 1, 
from:Tim Colombo <livnitup77@yahoo.com>, subject: 
+++++++++++++++++++++++++
size before: 242204, size after: 242204
/homepages/45/d454707514/htdocs/newphotos/DBsportsbar-photo.JPG -> 11416.jpg
Email to: duracory@hotmail.com
Text to: 3145655908, Verizon
Email to: tom@myphotochannel.com
Text to: 3147915379, Verizon
Done DBsportsbar
--------------------------
2013-12-23 14:50 MST, FastCall for DBsportsbar: 
--------------------------
emailphoto.php already running. Done
2013-12-23 15:00 MST, Mark v1.08
--------------------------
