[21-Oct-2017 15:51:24 America/New_York] Array
(
    [page] => getusers
)

[21-Oct-2017 15:51:24 America/New_York] found: {"1":"Barton Phillips","2":"Tom Galbraith","32":"Steve Kolb","36":"Cory Gallagher","49":"Tom Galbraith","51":"Barton Phillips","3":"Barton Phillips","4":"Tom Galbraith"}
[21-Oct-2017 15:52:16 America/New_York] Array
(
    [page] => getusers
)

[21-Oct-2017 15:52:16 America/New_York] found: {"1":"Barton Phillips","2":"Tom Galbraith","32":"Steve Kolb","36":"Cory Gallagher","49":"Tom Galbraith","51":"Barton Phillips","3":"Barton Phillips","4":"Tom Galbraith"}
[21-Oct-2017 15:53:26 America/New_York] Array
(
    [page] => getusers
)

[21-Oct-2017 15:53:26 America/New_York] found: {"1":"Barton Phillips","2":"Tom Galbraith","32":"Steve Kolb","36":"Cory Gallagher","49":"Tom Galbraith","51":"Barton Phillips","3":"Barton Phillips","4":"Tom Galbraith"}
[21-Oct-2017 15:55:56 America/New_York] Array
(
    [page] => getusers
)

[21-Oct-2017 15:55:56 America/New_York] found: {"1":"Barton Phillips","2":"Tom Galbraith","32":"Steve Kolb","36":"Cory Gallagher","49":"Tom Galbraith","51":"Barton Phillips","3":"Barton Phillips","4":"Tom Galbraith"}
[21-Oct-2017 16:01:03 America/New_York] Array
(
    [page] => getusers
)

[21-Oct-2017 16:01:03 America/New_York] found: {"1":"Barton Phillips","2":"Tom Galbraith","32":"Steve Kolb","36":"Cory Gallagher","49":"Tom Galbraith","51":"Barton Phillips","3":"Barton Phillips","4":"Tom Galbraith"}
[21-Oct-2017 16:05:23 America/New_York] Array
(
    [page] => getusers
)

[21-Oct-2017 16:05:23 America/New_York] found: {"1":"Barton Phillips","2":"Tom Galbraith","32":"Steve Kolb","36":"Cory Gallagher","49":"Tom Galbraith","51":"Barton Phillips","3":"Barton Phillips","4":"Tom Galbraith"}
